2020-10-02 18:11:00,054 p=6521 u=student n=ansible | PLAY [CKA Setup] *******************************************************************************************************************************************************
2020-10-02 18:11:04,048 p=6521 u=student n=ansible | TASK [Gathering Facts] *************************************************************************************************************************************************
2020-10-02 18:11:04,051 p=6521 u=student n=ansible | ok: [node-02]
2020-10-02 18:11:04,105 p=6521 u=student n=ansible | ok: [node-01]
2020-10-02 18:11:04,208 p=6521 u=student n=ansible | ok: [master-01]
2020-10-02 18:11:04,224 p=6521 u=student n=ansible | ok: [node-03]
2020-10-02 18:11:04,244 p=6521 u=student n=ansible | ok: [bchd]
2020-10-02 18:11:06,255 p=6521 u=student n=ansible | ok: [master-02]
2020-10-02 18:11:06,481 p=6521 u=student n=ansible | ok: [master-03]
2020-10-02 18:11:07,742 p=6521 u=student n=ansible | TASK [command] *********************************************************************************************************************************************************
2020-10-02 18:11:07,744 p=6521 u=student n=ansible | [WARNING]: Consider using 'become', 'become_method', and 'become_user' rather than running sudo

2020-10-02 18:11:07,744 p=6521 u=student n=ansible | changed: [node-03]
2020-10-02 18:11:07,837 p=6521 u=student n=ansible | changed: [node-02]
2020-10-02 18:11:07,847 p=6521 u=student n=ansible | changed: [node-01]
2020-10-02 18:11:07,936 p=6521 u=student n=ansible | changed: [master-01]
2020-10-02 18:11:07,951 p=6521 u=student n=ansible | changed: [bchd]
2020-10-02 18:11:08,582 p=6521 u=student n=ansible | changed: [master-03]
2020-10-02 18:11:08,583 p=6521 u=student n=ansible | changed: [master-02]
2020-10-02 18:11:09,144 p=6521 u=student n=ansible | TASK [command] *********************************************************************************************************************************************************
2020-10-02 18:11:09,146 p=6521 u=student n=ansible | changed: [bchd]
2020-10-02 18:11:09,304 p=6521 u=student n=ansible | changed: [node-02]
2020-10-02 18:11:09,417 p=6521 u=student n=ansible | changed: [node-01]
2020-10-02 18:11:09,420 p=6521 u=student n=ansible | changed: [master-01]
2020-10-02 18:11:09,432 p=6521 u=student n=ansible | changed: [node-03]
2020-10-02 18:11:09,616 p=6521 u=student n=ansible | changed: [master-02]
2020-10-02 18:11:09,793 p=6521 u=student n=ansible | changed: [master-03]
2020-10-02 18:11:10,399 p=6521 u=student n=ansible | TASK [command] *********************************************************************************************************************************************************
2020-10-02 18:11:10,401 p=6521 u=student n=ansible | changed: [bchd]
2020-10-02 18:11:10,529 p=6521 u=student n=ansible | changed: [node-01]
2020-10-02 18:11:10,603 p=6521 u=student n=ansible | changed: [node-02]
2020-10-02 18:11:10,633 p=6521 u=student n=ansible | changed: [node-03]
2020-10-02 18:11:10,707 p=6521 u=student n=ansible | changed: [master-01]
2020-10-02 18:11:10,908 p=6521 u=student n=ansible | changed: [master-02]
2020-10-02 18:11:11,024 p=6521 u=student n=ansible | changed: [master-03]
2020-10-02 18:11:11,751 p=6521 u=student n=ansible | TASK [kubeadmteardown : command] ***************************************************************************************************************************************
2020-10-02 18:11:11,753 p=6521 u=student n=ansible | fatal: [node-01]: FAILED! => {"changed": false, "cmd": "kubeadm reset --force", "msg": "[Errno 2] No such file or directory: b'kubeadm': b'kubeadm'", "rc": 2}
2020-10-02 18:11:11,753 p=6521 u=student n=ansible | ...ignoring
2020-10-02 18:11:11,796 p=6521 u=student n=ansible | fatal: [bchd]: FAILED! => {"changed": false, "cmd": "kubeadm reset --force", "msg": "[Errno 2] No such file or directory: b'kubeadm': b'kubeadm'", "rc": 2}
2020-10-02 18:11:11,798 p=6521 u=student n=ansible | ...ignoring
2020-10-02 18:11:11,842 p=6521 u=student n=ansible | fatal: [node-02]: FAILED! => {"changed": false, "cmd": "kubeadm reset --force", "msg": "[Errno 2] No such file or directory: b'kubeadm': b'kubeadm'", "rc": 2}
2020-10-02 18:11:11,843 p=6521 u=student n=ansible | ...ignoring
2020-10-02 18:11:11,845 p=6521 u=student n=ansible | fatal: [node-03]: FAILED! => {"changed": false, "cmd": "kubeadm reset --force", "msg": "[Errno 2] No such file or directory: b'kubeadm': b'kubeadm'", "rc": 2}
2020-10-02 18:11:11,846 p=6521 u=student n=ansible | ...ignoring
2020-10-02 18:11:11,941 p=6521 u=student n=ansible | fatal: [master-01]: FAILED! => {"changed": false, "cmd": "kubeadm reset --force", "msg": "[Errno 2] No such file or directory: b'kubeadm': b'kubeadm'", "rc": 2}
2020-10-02 18:11:11,942 p=6521 u=student n=ansible | ...ignoring
2020-10-02 18:11:12,292 p=6521 u=student n=ansible | fatal: [master-02]: FAILED! => {"changed": false, "cmd": "kubeadm reset --force", "msg": "[Errno 2] No such file or directory: b'kubeadm': b'kubeadm'", "rc": 2}
2020-10-02 18:11:12,293 p=6521 u=student n=ansible | ...ignoring
2020-10-02 18:11:12,326 p=6521 u=student n=ansible | fatal: [master-03]: FAILED! => {"changed": false, "cmd": "kubeadm reset --force", "msg": "[Errno 2] No such file or directory: b'kubeadm': b'kubeadm'", "rc": 2}
2020-10-02 18:11:12,327 p=6521 u=student n=ansible | ...ignoring
2020-10-02 18:11:12,983 p=6521 u=student n=ansible | TASK [kubeadmteardown : command] ***************************************************************************************************************************************
2020-10-02 18:11:12,988 p=6521 u=student n=ansible | [WARNING]: Consider using the file module with state=absent rather than running 'rm'.  If you need to use command because file is insufficient you can add 'warn:
false' to this command task or set 'command_warnings=False' in ansible.cfg to get rid of this message.

2020-10-02 18:11:12,989 p=6521 u=student n=ansible | changed: [bchd]
2020-10-02 18:11:13,049 p=6521 u=student n=ansible | changed: [node-01]
2020-10-02 18:11:13,078 p=6521 u=student n=ansible | changed: [node-02]
2020-10-02 18:11:13,226 p=6521 u=student n=ansible | changed: [node-03]
2020-10-02 18:11:13,251 p=6521 u=student n=ansible | changed: [master-01]
2020-10-02 18:11:13,522 p=6521 u=student n=ansible | changed: [master-02]
2020-10-02 18:11:13,566 p=6521 u=student n=ansible | changed: [master-03]
2020-10-02 18:11:15,070 p=6521 u=student n=ansible | TASK [kubeadm1.18 : template] ******************************************************************************************************************************************
2020-10-02 18:11:15,072 p=6521 u=student n=ansible | changed: [master-02]
2020-10-02 18:12:12,541 p=6521 u=student n=ansible | TASK [kubeadm1.18 : install k8s pre-reqs] ******************************************************************************************************************************
2020-10-02 18:12:12,542 p=6521 u=student n=ansible | changed: [master-02]
2020-10-02 18:13:15,832 p=6521 u=student n=ansible | TASK [kubeadm1.18 : Kubeadm init] **************************************************************************************************************************************
2020-10-02 18:13:15,833 p=6521 u=student n=ansible | changed: [master-02]
2020-10-02 18:13:16,670 p=6521 u=student n=ansible | TASK [kubeadm1.18 : setup kubectl config] ******************************************************************************************************************************
2020-10-02 18:13:16,670 p=6521 u=student n=ansible | [WARNING]: Consider using the file module with state=directory rather than running 'mkdir'.  If you need to use command because file is insufficient you can add 'warn:
false' to this command task or set 'command_warnings=False' in ansible.cfg to get rid of this message.

2020-10-02 18:13:16,671 p=6521 u=student n=ansible | changed: [master-02]
2020-10-02 18:13:17,369 p=6521 u=student n=ansible | TASK [kubeadm1.18 : setup kubectl config] ******************************************************************************************************************************
2020-10-02 18:13:17,374 p=6521 u=student n=ansible | changed: [master-02]
2020-10-02 18:13:18,100 p=6521 u=student n=ansible | TASK [kubeadm1.18 : setup kubectl config] ******************************************************************************************************************************
2020-10-02 18:13:18,102 p=6521 u=student n=ansible | changed: [master-02]
2020-10-02 18:13:21,228 p=6521 u=student n=ansible | TASK [kubeadm1.18 : Starting CNI (Calico)] *****************************************************************************************************************************
2020-10-02 18:13:21,229 p=6521 u=student n=ansible | changed: [master-02]
2020-10-02 18:13:23,429 p=6521 u=student n=ansible | TASK [kubeadm1.19 : template] ******************************************************************************************************************************************
2020-10-02 18:13:23,430 p=6521 u=student n=ansible | changed: [master-03]
2020-10-02 18:14:31,777 p=6521 u=student n=ansible | TASK [kubeadm1.19 : install k8s pre-reqs] ******************************************************************************************************************************
2020-10-02 18:14:31,778 p=6521 u=student n=ansible | changed: [master-03]
2020-10-02 18:15:28,159 p=6521 u=student n=ansible | TASK [kubeadm1.19 : Kubeadm init] **************************************************************************************************************************************
2020-10-02 18:15:28,160 p=6521 u=student n=ansible | changed: [master-03]
2020-10-02 18:15:29,083 p=6521 u=student n=ansible | TASK [kubeadm1.19 : setup kubectl config] ******************************************************************************************************************************
2020-10-02 18:15:29,085 p=6521 u=student n=ansible | changed: [master-03]
2020-10-02 18:15:29,932 p=6521 u=student n=ansible | TASK [kubeadm1.19 : setup kubectl config] ******************************************************************************************************************************
2020-10-02 18:15:29,933 p=6521 u=student n=ansible | changed: [master-03]
2020-10-02 18:15:30,850 p=6521 u=student n=ansible | TASK [kubeadm1.19 : setup kubectl config] ******************************************************************************************************************************
2020-10-02 18:15:30,851 p=6521 u=student n=ansible | changed: [master-03]
2020-10-02 18:15:34,432 p=6521 u=student n=ansible | TASK [kubeadm1.19 : Starting CNI (Calico)] *****************************************************************************************************************************
2020-10-02 18:15:34,433 p=6521 u=student n=ansible | changed: [master-03]
2020-10-02 18:15:36,777 p=6521 u=student n=ansible | TASK [kubeadm1.19withNodes : template] *********************************************************************************************************************************
2020-10-02 18:15:36,778 p=6521 u=student n=ansible | changed: [bchd]
2020-10-02 18:15:36,880 p=6521 u=student n=ansible | changed: [node-01]
2020-10-02 18:15:37,080 p=6521 u=student n=ansible | changed: [node-03]
2020-10-02 18:15:37,098 p=6521 u=student n=ansible | changed: [node-02]
2020-10-02 18:16:20,943 p=6521 u=student n=ansible | TASK [kubeadm1.19withNodes : install k8s pre-reqs] *********************************************************************************************************************
2020-10-02 18:16:20,945 p=6521 u=student n=ansible | changed: [bchd]
2020-10-02 18:16:43,998 p=6521 u=student n=ansible | changed: [node-03]
2020-10-02 18:16:48,381 p=6521 u=student n=ansible | changed: [node-01]
2020-10-02 18:16:49,537 p=6521 u=student n=ansible | changed: [node-02]
2020-10-02 18:17:48,930 p=6521 u=student n=ansible | TASK [kubeadm1.19withNodes : Kubeadm init] *****************************************************************************************************************************
2020-10-02 18:17:48,931 p=6521 u=student n=ansible | changed: [bchd]
2020-10-02 18:17:49,727 p=6521 u=student n=ansible | TASK [kubeadm1.19withNodes : setup kubectl config] *********************************************************************************************************************
2020-10-02 18:17:49,731 p=6521 u=student n=ansible | changed: [bchd]
2020-10-02 18:17:50,398 p=6521 u=student n=ansible | TASK [kubeadm1.19withNodes : setup kubectl config] *********************************************************************************************************************
2020-10-02 18:17:50,399 p=6521 u=student n=ansible | changed: [bchd]
2020-10-02 18:17:51,065 p=6521 u=student n=ansible | TASK [kubeadm1.19withNodes : setup kubectl config] *********************************************************************************************************************
2020-10-02 18:17:51,066 p=6521 u=student n=ansible | changed: [bchd]
2020-10-02 18:17:55,937 p=6521 u=student n=ansible | TASK [kubeadm1.19withNodes : Starting CNI (Calico)] ********************************************************************************************************************
2020-10-02 18:17:55,938 p=6521 u=student n=ansible | changed: [bchd]
2020-10-02 18:17:57,810 p=6521 u=student n=ansible | TASK [kubeadm1.19withNodes : Get join command] *************************************************************************************************************************
2020-10-02 18:17:57,811 p=6521 u=student n=ansible | changed: [bchd]
2020-10-02 18:17:58,191 p=6521 u=student n=ansible | TASK [kubeadm1.19withNodes : print join] *******************************************************************************************************************************
2020-10-02 18:17:58,226 p=6521 u=student n=ansible | ok: [bchd] => {
    "kjoin.stdout": "kubeadm join 10.17.205.112:6443 --token hlx2ur.azpbhorw1tfof7m5     --discovery-token-ca-cert-hash sha256:672a8095680257a7ace95f07f9aae9c77abb6dac8a8238a016bdc89a6e2e9ac9 "
}
2020-10-02 18:17:58,744 p=6521 u=student n=ansible | TASK [kubeadm1.19withNodes : set_fact] *********************************************************************************************************************************
2020-10-02 18:17:58,747 p=6521 u=student n=ansible | ok: [bchd]
2020-10-02 18:17:58,932 p=6521 u=student n=ansible | ok: [node-01]
2020-10-02 18:17:58,998 p=6521 u=student n=ansible | ok: [node-02]
2020-10-02 18:17:59,005 p=6521 u=student n=ansible | ok: [node-03]
2020-10-02 18:17:59,171 p=6521 u=student n=ansible | TASK [kubeadm1.19withNodes : print join again] *************************************************************************************************************************
2020-10-02 18:17:59,178 p=6521 u=student n=ansible | ok: [bchd] => {
    "join_command": "kubeadm join 10.17.205.112:6443 --token hlx2ur.azpbhorw1tfof7m5     --discovery-token-ca-cert-hash sha256:672a8095680257a7ace95f07f9aae9c77abb6dac8a8238a016bdc89a6e2e9ac9 "
}
2020-10-02 18:18:17,475 p=6521 u=student n=ansible | TASK [kubeadm1.19withNodes : join nodes] *******************************************************************************************************************************
2020-10-02 18:18:17,488 p=6521 u=student n=ansible | changed: [node-01]
2020-10-02 18:18:17,571 p=6521 u=student n=ansible | changed: [node-02]
2020-10-02 18:18:18,206 p=6521 u=student n=ansible | changed: [node-03]
2020-10-02 18:18:19,639 p=6521 u=student n=ansible | TASK [kubeadm1.19withNodes : Get Metrics Server] ***********************************************************************************************************************
2020-10-02 18:18:19,646 p=6521 u=student n=ansible | [WARNING]: Consider using the get_url or uri module rather than running 'wget'.  If you need to use command because get_url or uri is insufficient you can add 'warn:
false' to this command task or set 'command_warnings=False' in ansible.cfg to get rid of this message.

2020-10-02 18:18:19,646 p=6521 u=student n=ansible | changed: [bchd]
2020-10-02 18:18:19,688 p=6521 u=student n=ansible | changed: [node-01]
2020-10-02 18:18:19,746 p=6521 u=student n=ansible | changed: [node-03]
2020-10-02 18:18:20,100 p=6521 u=student n=ansible | changed: [node-02]
2020-10-02 18:18:23,240 p=6521 u=student n=ansible | TASK [kubeadm1.19withNodes : Start Metrics Server] *********************************************************************************************************************
2020-10-02 18:18:23,242 p=6521 u=student n=ansible | changed: [bchd]
2020-10-02 18:18:25,004 p=6521 u=student n=ansible | TASK [kubeadm1.19withNodes : Get other Metrics Server bit] *************************************************************************************************************
2020-10-02 18:18:25,006 p=6521 u=student n=ansible | changed: [bchd]
2020-10-02 18:18:25,318 p=6521 u=student n=ansible | changed: [node-01]
2020-10-02 18:18:25,670 p=6521 u=student n=ansible | changed: [node-02]
2020-10-02 18:18:25,811 p=6521 u=student n=ansible | changed: [node-03]
2020-10-02 18:18:28,677 p=6521 u=student n=ansible | TASK [kubeadm1.19withNodes : Start other Metrics Server bit] ***********************************************************************************************************
2020-10-02 18:18:28,685 p=6521 u=student n=ansible | changed: [bchd]
2020-10-02 18:18:33,691 p=6521 u=student n=ansible | TASK [kubeadm1.19withNodes : Ingress Controller Setup] *****************************************************************************************************************
2020-10-02 18:18:33,694 p=6521 u=student n=ansible | changed: [bchd]
2020-10-02 18:18:36,510 p=6521 u=student n=ansible | TASK [kubeadm1.19withNodes : Baremetal] ********************************************************************************************************************************
2020-10-02 18:18:36,511 p=6521 u=student n=ansible | changed: [bchd]
2020-10-02 18:18:47,962 p=6521 u=student n=ansible | TASK [etcdbackup : install etcd-client] ********************************************************************************************************************************
2020-10-02 18:18:47,969 p=6521 u=student n=ansible | changed: [master-03]
2020-10-02 18:18:49,213 p=6521 u=student n=ansible | TASK [etcdbackup : mkdir] **********************************************************************************************************************************************
2020-10-02 18:18:49,215 p=6521 u=student n=ansible | changed: [master-03]
2020-10-02 18:18:50,379 p=6521 u=student n=ansible | TASK [etcdbackup : create a pod] ***************************************************************************************************************************************
2020-10-02 18:18:50,380 p=6521 u=student n=ansible | changed: [master-03]
2020-10-02 18:18:51,343 p=6521 u=student n=ansible | TASK [etcdbackup : shell] **********************************************************************************************************************************************
2020-10-02 18:18:51,344 p=6521 u=student n=ansible | changed: [master-03]
2020-10-02 18:18:52,377 p=6521 u=student n=ansible | TASK [etcdbackup : delete the isitback pod] ****************************************************************************************************************************
2020-10-02 18:18:52,378 p=6521 u=student n=ansible | changed: [master-03]
2020-10-02 18:18:53,421 p=6521 u=student n=ansible | TASK [cputopper : command] *********************************************************************************************************************************************
2020-10-02 18:18:53,422 p=6521 u=student n=ansible | changed: [bchd]
2020-10-02 18:18:55,379 p=6521 u=student n=ansible | TASK [cputopper : command] *********************************************************************************************************************************************
2020-10-02 18:18:55,380 p=6521 u=student n=ansible | changed: [bchd]
2020-10-02 18:18:57,181 p=6521 u=student n=ansible | TASK [cputopper : command] *********************************************************************************************************************************************
2020-10-02 18:18:57,182 p=6521 u=student n=ansible | changed: [bchd]
2020-10-02 18:18:59,010 p=6521 u=student n=ansible | TASK [cputopper : command] *********************************************************************************************************************************************
2020-10-02 18:18:59,015 p=6521 u=student n=ansible | changed: [bchd]
2020-10-02 18:19:00,338 p=6521 u=student n=ansible | TASK [dragon : command] ************************************************************************************************************************************************
2020-10-02 18:19:00,341 p=6521 u=student n=ansible | changed: [bchd]
2020-10-02 18:19:01,325 p=6521 u=student n=ansible | TASK [labeler : command] ***********************************************************************************************************************************************
2020-10-02 18:19:01,326 p=6521 u=student n=ansible | changed: [bchd]
2020-10-02 18:20:02,380 p=6521 u=student n=ansible | TASK [imagepuller : command] *******************************************************************************************************************************************
2020-10-02 18:20:02,382 p=6521 u=student n=ansible | changed: [bchd]
2020-10-02 18:20:41,350 p=6521 u=student n=ansible | TASK [imagepuller : command] *******************************************************************************************************************************************
2020-10-02 18:20:41,353 p=6521 u=student n=ansible | changed: [bchd]
2020-10-02 18:20:42,242 p=6521 u=student n=ansible | TASK [imagepuller : command] *******************************************************************************************************************************************
2020-10-02 18:20:42,245 p=6521 u=student n=ansible | changed: [bchd]
2020-10-02 18:20:43,047 p=6521 u=student n=ansible | TASK [imagepuller : command] *******************************************************************************************************************************************
2020-10-02 18:20:43,049 p=6521 u=student n=ansible | fatal: [bchd]: FAILED! => {"changed": true, "cmd": ["docker", "image", "push", "reg.alta3.com/aloha"], "delta": "0:00:00.147381", "end": "2020-10-02 18:20:42.979398", "msg": "non-zero return code", "rc": 1, "start": "2020-10-02 18:20:42.832017", "stderr": "Get https://reg.alta3.com/v2/: dial tcp: lookup reg.alta3.com on [::1]:53: read udp [::1]:48258->[::1]:53: read: connection refused", "stderr_lines": ["Get https://reg.alta3.com/v2/: dial tcp: lookup reg.alta3.com on [::1]:53: read udp [::1]:48258->[::1]:53: read: connection refused"], "stdout": "The push refers to repository [reg.alta3.com/aloha]", "stdout_lines": ["The push refers to repository [reg.alta3.com/aloha]"]}
2020-10-02 18:20:43,050 p=6521 u=student n=ansible | ...ignoring
2020-10-02 18:20:44,486 p=6521 u=student n=ansible | TASK [aloha : command] *************************************************************************************************************************************************
2020-10-02 18:20:44,488 p=6521 u=student n=ansible | changed: [bchd]
2020-10-02 18:20:45,913 p=6521 u=student n=ansible | TASK [pvmaker : Create the ReadWriteOnce PV] ***************************************************************************************************************************
2020-10-02 18:20:45,914 p=6521 u=student n=ansible | changed: [bchd]
2020-10-02 18:20:48,141 p=6521 u=student n=ansible | TASK [deppy : command] *************************************************************************************************************************************************
2020-10-02 18:20:48,151 p=6521 u=student n=ansible | changed: [bchd]
2020-10-02 18:20:50,063 p=6521 u=student n=ansible | TASK [filenotfound : command] ******************************************************************************************************************************************
2020-10-02 18:20:50,065 p=6521 u=student n=ansible | changed: [bchd]
2020-10-02 18:20:51,646 p=6521 u=student n=ansible | TASK [loggy : Start up the logger pod] *********************************************************************************************************************************
2020-10-02 18:20:51,647 p=6521 u=student n=ansible | changed: [bchd]
2020-10-02 18:20:56,739 p=6521 u=student n=ansible | TASK [stopkubelet : stop kubelet] **************************************************************************************************************************************
2020-10-02 18:20:56,740 p=6521 u=student n=ansible | changed: [node-02]
2020-10-02 18:20:56,783 p=6521 u=student n=ansible | PLAY RECAP *************************************************************************************************************************************************************
2020-10-02 18:20:56,784 p=6521 u=student n=ansible | bchd                       : ok=38   changed=33   unreachable=0    failed=0    skipped=21   rescued=0    ignored=2   
2020-10-02 18:20:56,785 p=6521 u=student n=ansible | master-01                  : ok=6    changed=4    unreachable=0    failed=0    skipped=53   rescued=0    ignored=1   
2020-10-02 18:20:56,786 p=6521 u=student n=ansible | master-02                  : ok=13   changed=11   unreachable=0    failed=0    skipped=46   rescued=0    ignored=1   
2020-10-02 18:20:56,787 p=6521 u=student n=ansible | master-03                  : ok=18   changed=16   unreachable=0    failed=0    skipped=41   rescued=0    ignored=1   
2020-10-02 18:20:56,788 p=6521 u=student n=ansible | node-01                    : ok=12   changed=9    unreachable=0    failed=0    skipped=47   rescued=0    ignored=1   
2020-10-02 18:20:56,789 p=6521 u=student n=ansible | node-02                    : ok=13   changed=10   unreachable=0    failed=0    skipped=46   rescued=0    ignored=1   
2020-10-02 18:20:56,790 p=6521 u=student n=ansible | node-03                    : ok=12   changed=9    unreachable=0    failed=0    skipped=47   rescued=0    ignored=1   
2020-10-09 15:00:35,061 p=2708 u=student n=ansible | PLAY [CKA Setup] **************************************************************************
2020-10-09 15:00:37,041 p=2708 u=student n=ansible | TASK [Gathering Facts] ********************************************************************
2020-10-09 15:00:37,044 p=2708 u=student n=ansible | ok: [node-02]
2020-10-09 15:00:37,082 p=2708 u=student n=ansible | ok: [bchd]
2020-10-09 15:00:37,086 p=2708 u=student n=ansible | ok: [node-03]
2020-10-09 15:00:37,090 p=2708 u=student n=ansible | ok: [master-01]
2020-10-09 15:00:37,095 p=2708 u=student n=ansible | ok: [node-01]
2020-10-09 15:00:38,314 p=2708 u=student n=ansible | ok: [master-02]
2020-10-09 15:00:38,331 p=2708 u=student n=ansible | ok: [master-03]
2020-10-09 15:00:39,498 p=2708 u=student n=ansible | TASK [command] ****************************************************************************
2020-10-09 15:00:39,501 p=2708 u=student n=ansible | [WARNING]: Consider using 'become', 'become_method', and 'become_user' rather than running
sudo

2020-10-09 15:00:39,501 p=2708 u=student n=ansible | changed: [bchd]
2020-10-09 15:00:39,539 p=2708 u=student n=ansible | changed: [master-01]
2020-10-09 15:00:39,550 p=2708 u=student n=ansible | changed: [node-02]
2020-10-09 15:00:39,551 p=2708 u=student n=ansible | changed: [node-03]
2020-10-09 15:00:39,552 p=2708 u=student n=ansible | changed: [node-01]
2020-10-09 15:00:40,039 p=2708 u=student n=ansible | changed: [master-02]
2020-10-09 15:00:40,084 p=2708 u=student n=ansible | changed: [master-03]
2020-10-09 15:00:40,825 p=2708 u=student n=ansible | TASK [command] ****************************************************************************
2020-10-09 15:00:40,827 p=2708 u=student n=ansible | changed: [bchd]
2020-10-09 15:00:40,875 p=2708 u=student n=ansible | changed: [node-01]
2020-10-09 15:00:41,077 p=2708 u=student n=ansible | changed: [node-03]
2020-10-09 15:00:41,081 p=2708 u=student n=ansible | changed: [node-02]
2020-10-09 15:00:41,094 p=2708 u=student n=ansible | changed: [master-01]
2020-10-09 15:00:41,341 p=2708 u=student n=ansible | changed: [master-02]
2020-10-09 15:00:41,424 p=2708 u=student n=ansible | changed: [master-03]
2020-10-09 15:00:42,037 p=2708 u=student n=ansible | TASK [command] ****************************************************************************
2020-10-09 15:00:42,038 p=2708 u=student n=ansible | changed: [bchd]
2020-10-09 15:00:42,332 p=2708 u=student n=ansible | changed: [node-01]
2020-10-09 15:00:42,335 p=2708 u=student n=ansible | changed: [master-01]
2020-10-09 15:00:42,396 p=2708 u=student n=ansible | changed: [node-03]
2020-10-09 15:00:42,401 p=2708 u=student n=ansible | changed: [node-02]
2020-10-09 15:00:42,645 p=2708 u=student n=ansible | changed: [master-02]
2020-10-09 15:00:42,837 p=2708 u=student n=ansible | changed: [master-03]
2020-10-09 15:00:43,622 p=2708 u=student n=ansible | TASK [kubeadmteardown : command] **********************************************************
2020-10-09 15:00:43,630 p=2708 u=student n=ansible | fatal: [node-01]: FAILED! => {"changed": false, "cmd": "kubeadm reset --force", "msg": "[Errno 2] No such file or directory: b'kubeadm': b'kubeadm'", "rc": 2}
2020-10-09 15:00:43,631 p=2708 u=student n=ansible | ...ignoring
2020-10-09 15:00:43,725 p=2708 u=student n=ansible | fatal: [bchd]: FAILED! => {"changed": false, "cmd": "kubeadm reset --force", "msg": "[Errno 2] No such file or directory: b'kubeadm': b'kubeadm'", "rc": 2}
2020-10-09 15:00:43,729 p=2708 u=student n=ansible | ...ignoring
2020-10-09 15:00:43,738 p=2708 u=student n=ansible | fatal: [node-02]: FAILED! => {"changed": false, "cmd": "kubeadm reset --force", "msg": "[Errno 2] No such file or directory: b'kubeadm': b'kubeadm'", "rc": 2}
2020-10-09 15:00:43,738 p=2708 u=student n=ansible | ...ignoring
2020-10-09 15:00:43,740 p=2708 u=student n=ansible | fatal: [node-03]: FAILED! => {"changed": false, "cmd": "kubeadm reset --force", "msg": "[Errno 2] No such file or directory: b'kubeadm': b'kubeadm'", "rc": 2}
2020-10-09 15:00:43,740 p=2708 u=student n=ansible | ...ignoring
2020-10-09 15:00:43,818 p=2708 u=student n=ansible | fatal: [master-01]: FAILED! => {"changed": false, "cmd": "kubeadm reset --force", "msg": "[Errno 2] No such file or directory: b'kubeadm': b'kubeadm'", "rc": 2}
2020-10-09 15:00:43,818 p=2708 u=student n=ansible | ...ignoring
2020-10-09 15:00:44,181 p=2708 u=student n=ansible | fatal: [master-02]: FAILED! => {"changed": false, "cmd": "kubeadm reset --force", "msg": "[Errno 2] No such file or directory: b'kubeadm': b'kubeadm'", "rc": 2}
2020-10-09 15:00:44,184 p=2708 u=student n=ansible | ...ignoring
2020-10-09 15:00:44,207 p=2708 u=student n=ansible | fatal: [master-03]: FAILED! => {"changed": false, "cmd": "kubeadm reset --force", "msg": "[Errno 2] No such file or directory: b'kubeadm': b'kubeadm'", "rc": 2}
2020-10-09 15:00:44,208 p=2708 u=student n=ansible | ...ignoring
2020-10-09 15:00:44,794 p=2708 u=student n=ansible | TASK [kubeadmteardown : command] **********************************************************
2020-10-09 15:00:44,796 p=2708 u=student n=ansible | [WARNING]: Consider using the file module with state=absent rather than running 'rm'.  If
you need to use command because file is insufficient you can add 'warn: false' to this
command task or set 'command_warnings=False' in ansible.cfg to get rid of this message.

2020-10-09 15:00:44,796 p=2708 u=student n=ansible | changed: [bchd]
2020-10-09 15:00:44,990 p=2708 u=student n=ansible | changed: [node-01]
2020-10-09 15:00:45,049 p=2708 u=student n=ansible | changed: [node-03]
2020-10-09 15:00:45,091 p=2708 u=student n=ansible | changed: [node-02]
2020-10-09 15:00:45,144 p=2708 u=student n=ansible | changed: [master-01]
2020-10-09 15:00:45,346 p=2708 u=student n=ansible | changed: [master-02]
2020-10-09 15:00:45,472 p=2708 u=student n=ansible | changed: [master-03]
2020-10-09 15:00:47,215 p=2708 u=student n=ansible | TASK [kubeadm1.18 : template] *************************************************************
2020-10-09 15:00:47,216 p=2708 u=student n=ansible | changed: [master-02]
2020-10-09 15:01:41,548 p=2708 u=student n=ansible | TASK [kubeadm1.18 : install k8s pre-reqs] *************************************************
2020-10-09 15:01:41,549 p=2708 u=student n=ansible | changed: [master-02]
2020-10-09 15:02:46,469 p=2708 u=student n=ansible | TASK [kubeadm1.18 : Kubeadm init] *********************************************************
2020-10-09 15:02:46,471 p=2708 u=student n=ansible | changed: [master-02]
2020-10-09 15:02:47,336 p=2708 u=student n=ansible | TASK [kubeadm1.18 : setup kubectl config] *************************************************
2020-10-09 15:02:47,338 p=2708 u=student n=ansible | [WARNING]: Consider using the file module with state=directory rather than running
'mkdir'.  If you need to use command because file is insufficient you can add 'warn:
false' to this command task or set 'command_warnings=False' in ansible.cfg to get rid of
this message.

2020-10-09 15:02:47,338 p=2708 u=student n=ansible | changed: [master-02]
2020-10-09 15:02:48,079 p=2708 u=student n=ansible | TASK [kubeadm1.18 : setup kubectl config] *************************************************
2020-10-09 15:02:48,080 p=2708 u=student n=ansible | changed: [master-02]
2020-10-09 15:02:48,829 p=2708 u=student n=ansible | TASK [kubeadm1.18 : setup kubectl config] *************************************************
2020-10-09 15:02:48,830 p=2708 u=student n=ansible | changed: [master-02]
2020-10-09 15:02:51,670 p=2708 u=student n=ansible | TASK [kubeadm1.18 : Starting CNI (Calico)] ************************************************
2020-10-09 15:02:51,672 p=2708 u=student n=ansible | changed: [master-02]
2020-10-09 15:02:54,020 p=2708 u=student n=ansible | TASK [kubeadm1.19 : template] *************************************************************
2020-10-09 15:02:54,021 p=2708 u=student n=ansible | changed: [master-03]
2020-10-09 15:03:52,495 p=2708 u=student n=ansible | TASK [kubeadm1.19 : install k8s pre-reqs] *************************************************
2020-10-09 15:03:52,496 p=2708 u=student n=ansible | changed: [master-03]
2020-10-09 15:04:51,491 p=2708 u=student n=ansible | TASK [kubeadm1.19 : Kubeadm init] *********************************************************
2020-10-09 15:04:51,491 p=2708 u=student n=ansible | changed: [master-03]
2020-10-09 15:04:52,394 p=2708 u=student n=ansible | TASK [kubeadm1.19 : setup kubectl config] *************************************************
2020-10-09 15:04:52,395 p=2708 u=student n=ansible | changed: [master-03]
2020-10-09 15:04:53,205 p=2708 u=student n=ansible | TASK [kubeadm1.19 : setup kubectl config] *************************************************
2020-10-09 15:04:53,206 p=2708 u=student n=ansible | changed: [master-03]
2020-10-09 15:04:54,036 p=2708 u=student n=ansible | TASK [kubeadm1.19 : setup kubectl config] *************************************************
2020-10-09 15:04:54,037 p=2708 u=student n=ansible | changed: [master-03]
2020-10-09 15:04:56,199 p=2708 u=student n=ansible | TASK [kubeadm1.19 : Starting CNI (Calico)] ************************************************
2020-10-09 15:04:56,200 p=2708 u=student n=ansible | changed: [master-03]
2020-10-09 15:04:58,443 p=2708 u=student n=ansible | TASK [kubeadm1.19withNodes : template] ****************************************************
2020-10-09 15:04:58,443 p=2708 u=student n=ansible | changed: [bchd]
2020-10-09 15:04:58,804 p=2708 u=student n=ansible | changed: [node-01]
2020-10-09 15:04:58,836 p=2708 u=student n=ansible | changed: [node-03]
2020-10-09 15:04:58,845 p=2708 u=student n=ansible | changed: [node-02]
2020-10-09 15:05:48,404 p=2708 u=student n=ansible | TASK [kubeadm1.19withNodes : install k8s pre-reqs] ****************************************
2020-10-09 15:05:48,406 p=2708 u=student n=ansible | changed: [bchd]
2020-10-09 15:06:09,483 p=2708 u=student n=ansible | changed: [node-03]
2020-10-09 15:06:10,452 p=2708 u=student n=ansible | changed: [node-01]
2020-10-09 15:06:13,745 p=2708 u=student n=ansible | changed: [node-02]
2020-10-09 15:07:15,984 p=2708 u=student n=ansible | TASK [kubeadm1.19withNodes : Kubeadm init] ************************************************
2020-10-09 15:07:15,999 p=2708 u=student n=ansible | changed: [bchd]
2020-10-09 15:07:16,892 p=2708 u=student n=ansible | TASK [kubeadm1.19withNodes : setup kubectl config] ****************************************
2020-10-09 15:07:16,894 p=2708 u=student n=ansible | changed: [bchd]
2020-10-09 15:07:17,687 p=2708 u=student n=ansible | TASK [kubeadm1.19withNodes : setup kubectl config] ****************************************
2020-10-09 15:07:17,690 p=2708 u=student n=ansible | changed: [bchd]
2020-10-09 15:07:18,457 p=2708 u=student n=ansible | TASK [kubeadm1.19withNodes : setup kubectl config] ****************************************
2020-10-09 15:07:18,459 p=2708 u=student n=ansible | changed: [bchd]
2020-10-09 15:07:21,006 p=2708 u=student n=ansible | TASK [kubeadm1.19withNodes : Starting CNI (Calico)] ***************************************
2020-10-09 15:07:21,007 p=2708 u=student n=ansible | changed: [bchd]
2020-10-09 15:07:23,377 p=2708 u=student n=ansible | TASK [kubeadm1.19withNodes : Get join command] ********************************************
2020-10-09 15:07:23,378 p=2708 u=student n=ansible | changed: [bchd]
2020-10-09 15:07:23,981 p=2708 u=student n=ansible | TASK [kubeadm1.19withNodes : print join] **************************************************
2020-10-09 15:07:23,983 p=2708 u=student n=ansible | ok: [bchd] => {
    "kjoin.stdout": "kubeadm join 10.17.94.189:6443 --token ffbzbc.1x97li8edx3kzt01     --discovery-token-ca-cert-hash sha256:6533786b93a3b64cb318286f77e8c23c8c36845f1a9cfa9a8d8fc0fea07fe30f "
}
2020-10-09 15:07:24,270 p=2708 u=student n=ansible | TASK [kubeadm1.19withNodes : set_fact] ****************************************************
2020-10-09 15:07:24,273 p=2708 u=student n=ansible | ok: [bchd]
2020-10-09 15:07:24,361 p=2708 u=student n=ansible | ok: [node-01]
2020-10-09 15:07:24,417 p=2708 u=student n=ansible | ok: [node-02]
2020-10-09 15:07:24,432 p=2708 u=student n=ansible | ok: [node-03]
2020-10-09 15:07:24,628 p=2708 u=student n=ansible | TASK [kubeadm1.19withNodes : print join again] ********************************************
2020-10-09 15:07:24,630 p=2708 u=student n=ansible | ok: [bchd] => {
    "join_command": "kubeadm join 10.17.94.189:6443 --token ffbzbc.1x97li8edx3kzt01     --discovery-token-ca-cert-hash sha256:6533786b93a3b64cb318286f77e8c23c8c36845f1a9cfa9a8d8fc0fea07fe30f "
}
2020-10-09 15:07:43,335 p=2708 u=student n=ansible | TASK [kubeadm1.19withNodes : join nodes] **************************************************
2020-10-09 15:07:43,349 p=2708 u=student n=ansible | changed: [node-03]
2020-10-09 15:07:43,362 p=2708 u=student n=ansible | changed: [node-02]
2020-10-09 15:07:49,565 p=2708 u=student n=ansible | changed: [node-01]
2020-10-09 15:07:51,225 p=2708 u=student n=ansible | TASK [kubeadm1.19withNodes : Get Metrics Server] ******************************************
2020-10-09 15:07:51,228 p=2708 u=student n=ansible | [WARNING]: Consider using the get_url or uri module rather than running 'wget'.  If you
need to use command because get_url or uri is insufficient you can add 'warn: false' to
this command task or set 'command_warnings=False' in ansible.cfg to get rid of this
message.

2020-10-09 15:07:51,230 p=2708 u=student n=ansible | changed: [node-01]
2020-10-09 15:07:51,234 p=2708 u=student n=ansible | changed: [bchd]
2020-10-09 15:07:51,696 p=2708 u=student n=ansible | changed: [node-02]
2020-10-09 15:07:51,921 p=2708 u=student n=ansible | changed: [node-03]
2020-10-09 15:07:54,951 p=2708 u=student n=ansible | TASK [kubeadm1.19withNodes : Start Metrics Server] ****************************************
2020-10-09 15:07:54,953 p=2708 u=student n=ansible | changed: [bchd]
2020-10-09 15:07:56,743 p=2708 u=student n=ansible | TASK [kubeadm1.19withNodes : Get other Metrics Server bit] ********************************
2020-10-09 15:07:56,744 p=2708 u=student n=ansible | changed: [bchd]
2020-10-09 15:07:57,944 p=2708 u=student n=ansible | changed: [node-01]
2020-10-09 15:07:58,003 p=2708 u=student n=ansible | changed: [node-02]
2020-10-09 15:07:58,109 p=2708 u=student n=ansible | changed: [node-03]
2020-10-09 15:08:01,012 p=2708 u=student n=ansible | TASK [kubeadm1.19withNodes : Start other Metrics Server bit] ******************************
2020-10-09 15:08:01,019 p=2708 u=student n=ansible | changed: [bchd]
2020-10-09 15:08:04,184 p=2708 u=student n=ansible | TASK [kubeadm1.19withNodes : Ingress Controller Setup] ************************************
2020-10-09 15:08:04,198 p=2708 u=student n=ansible | changed: [bchd]
2020-10-09 15:08:06,639 p=2708 u=student n=ansible | TASK [kubeadm1.19withNodes : Baremetal] ***************************************************
2020-10-09 15:08:06,640 p=2708 u=student n=ansible | changed: [bchd]
2020-10-09 15:08:18,775 p=2708 u=student n=ansible | TASK [etcdbackup : install etcd-client] ***************************************************
2020-10-09 15:08:18,775 p=2708 u=student n=ansible | changed: [master-03]
2020-10-09 15:08:19,778 p=2708 u=student n=ansible | TASK [etcdbackup : mkdir] *****************************************************************
2020-10-09 15:08:19,780 p=2708 u=student n=ansible | changed: [master-03]
2020-10-09 15:08:20,947 p=2708 u=student n=ansible | TASK [etcdbackup : create a pod] **********************************************************
2020-10-09 15:08:20,948 p=2708 u=student n=ansible | changed: [master-03]
2020-10-09 15:08:22,035 p=2708 u=student n=ansible | TASK [etcdbackup : shell] *****************************************************************
2020-10-09 15:08:22,037 p=2708 u=student n=ansible | changed: [master-03]
2020-10-09 15:08:23,447 p=2708 u=student n=ansible | TASK [etcdbackup : delete the isitback pod] ***********************************************
2020-10-09 15:08:23,448 p=2708 u=student n=ansible | changed: [master-03]
2020-10-09 15:08:24,401 p=2708 u=student n=ansible | TASK [cputopper : command] ****************************************************************
2020-10-09 15:08:24,402 p=2708 u=student n=ansible | changed: [bchd]
2020-10-09 15:08:25,826 p=2708 u=student n=ansible | TASK [cputopper : command] ****************************************************************
2020-10-09 15:08:25,828 p=2708 u=student n=ansible | changed: [bchd]
2020-10-09 15:08:27,756 p=2708 u=student n=ansible | TASK [cputopper : command] ****************************************************************
2020-10-09 15:08:27,760 p=2708 u=student n=ansible | changed: [bchd]
2020-10-09 15:08:29,408 p=2708 u=student n=ansible | TASK [cputopper : command] ****************************************************************
2020-10-09 15:08:29,411 p=2708 u=student n=ansible | changed: [bchd]
2020-10-09 15:08:33,854 p=2708 u=student n=ansible | TASK [dragon : command] *******************************************************************
2020-10-09 15:08:33,856 p=2708 u=student n=ansible | changed: [bchd]
2020-10-09 15:08:35,249 p=2708 u=student n=ansible | TASK [labeler : command] ******************************************************************
2020-10-09 15:08:35,250 p=2708 u=student n=ansible | changed: [bchd]
2020-10-09 15:09:31,631 p=2708 u=student n=ansible | TASK [imagepuller : command] **************************************************************
2020-10-09 15:09:31,632 p=2708 u=student n=ansible | changed: [bchd]
2020-10-09 15:10:11,595 p=2708 u=student n=ansible | TASK [imagepuller : command] **************************************************************
2020-10-09 15:10:11,597 p=2708 u=student n=ansible | changed: [bchd]
2020-10-09 15:10:12,603 p=2708 u=student n=ansible | TASK [imagepuller : command] **************************************************************
2020-10-09 15:10:12,606 p=2708 u=student n=ansible | changed: [bchd]
2020-10-09 15:10:13,457 p=2708 u=student n=ansible | TASK [imagepuller : command] **************************************************************
2020-10-09 15:10:13,459 p=2708 u=student n=ansible | fatal: [bchd]: FAILED! => {"changed": true, "cmd": ["docker", "image", "push", "reg.alta3.com/aloha"], "delta": "0:00:00.166017", "end": "2020-10-09 15:10:13.394260", "msg": "non-zero return code", "rc": 1, "start": "2020-10-09 15:10:13.228243", "stderr": "Get https://reg.alta3.com/v2/: dial tcp: lookup reg.alta3.com on [::1]:53: read udp [::1]:56860->[::1]:53: read: connection refused", "stderr_lines": ["Get https://reg.alta3.com/v2/: dial tcp: lookup reg.alta3.com on [::1]:53: read udp [::1]:56860->[::1]:53: read: connection refused"], "stdout": "The push refers to repository [reg.alta3.com/aloha]", "stdout_lines": ["The push refers to repository [reg.alta3.com/aloha]"]}
2020-10-09 15:10:13,459 p=2708 u=student n=ansible | ...ignoring
2020-10-09 15:10:15,024 p=2708 u=student n=ansible | TASK [aloha : command] ********************************************************************
2020-10-09 15:10:15,026 p=2708 u=student n=ansible | changed: [bchd]
2020-10-09 15:10:17,639 p=2708 u=student n=ansible | TASK [pvmaker : Create the ReadWriteOnce PV] **********************************************
2020-10-09 15:10:17,646 p=2708 u=student n=ansible | changed: [bchd]
2020-10-09 15:10:19,923 p=2708 u=student n=ansible | TASK [deppy : command] ********************************************************************
2020-10-09 15:10:19,924 p=2708 u=student n=ansible | changed: [bchd]
2020-10-09 15:10:21,666 p=2708 u=student n=ansible | TASK [filenotfound : command] *************************************************************
2020-10-09 15:10:21,667 p=2708 u=student n=ansible | changed: [bchd]
2020-10-09 15:10:23,162 p=2708 u=student n=ansible | TASK [loggy : Start up the logger pod] ****************************************************
2020-10-09 15:10:23,162 p=2708 u=student n=ansible | changed: [bchd]
2020-10-09 15:10:28,500 p=2708 u=student n=ansible | TASK [stopkubelet : stop kubelet] *********************************************************
2020-10-09 15:10:28,505 p=2708 u=student n=ansible | changed: [node-02]
2020-10-09 15:10:28,559 p=2708 u=student n=ansible | PLAY RECAP ********************************************************************************
2020-10-09 15:10:28,561 p=2708 u=student n=ansible | bchd                       : ok=38   changed=33   unreachable=0    failed=0    skipped=21   rescued=0    ignored=2   
2020-10-09 15:10:28,561 p=2708 u=student n=ansible | master-01                  : ok=6    changed=4    unreachable=0    failed=0    skipped=53   rescued=0    ignored=1   
2020-10-09 15:10:28,562 p=2708 u=student n=ansible | master-02                  : ok=13   changed=11   unreachable=0    failed=0    skipped=46   rescued=0    ignored=1   
2020-10-09 15:10:28,562 p=2708 u=student n=ansible | master-03                  : ok=18   changed=16   unreachable=0    failed=0    skipped=41   rescued=0    ignored=1   
2020-10-09 15:10:28,563 p=2708 u=student n=ansible | node-01                    : ok=12   changed=9    unreachable=0    failed=0    skipped=47   rescued=0    ignored=1   
2020-10-09 15:10:28,563 p=2708 u=student n=ansible | node-02                    : ok=13   changed=10   unreachable=0    failed=0    skipped=46   rescued=0    ignored=1   
2020-10-09 15:10:28,564 p=2708 u=student n=ansible | node-03                    : ok=12   changed=9    unreachable=0    failed=0    skipped=47   rescued=0    ignored=1   
2020-10-12 13:24:44,835 p=16670 u=student n=ansible | PLAY [CKA Setup] **************************************************************************
2020-10-12 13:24:50,039 p=16670 u=student n=ansible | TASK [Gathering Facts] ********************************************************************
2020-10-12 13:24:50,043 p=16670 u=student n=ansible | ok: [master-01]
2020-10-12 13:24:50,172 p=16670 u=student n=ansible | ok: [node-03]
2020-10-12 13:24:50,444 p=16670 u=student n=ansible | ok: [node-02]
2020-10-12 13:24:51,131 p=16670 u=student n=ansible | ok: [bchd]
2020-10-12 13:24:52,538 p=16670 u=student n=ansible | ok: [node-01]
2020-10-12 13:24:53,998 p=16670 u=student n=ansible | ok: [master-02]
2020-10-12 13:24:54,013 p=16670 u=student n=ansible | ok: [master-03]
2020-10-12 13:24:55,495 p=16670 u=student n=ansible | TASK [command] ****************************************************************************
2020-10-12 13:24:55,501 p=16670 u=student n=ansible | [WARNING]: Consider using 'become', 'become_method', and 'become_user' rather than running
sudo

2020-10-12 13:24:55,502 p=16670 u=student n=ansible | changed: [master-01]
2020-10-12 13:24:55,571 p=16670 u=student n=ansible | changed: [node-02]
2020-10-12 13:24:55,670 p=16670 u=student n=ansible | changed: [node-03]
2020-10-12 13:24:55,802 p=16670 u=student n=ansible | changed: [bchd]
2020-10-12 13:24:56,064 p=16670 u=student n=ansible | changed: [node-01]
2020-10-12 13:24:56,695 p=16670 u=student n=ansible | changed: [master-02]
2020-10-12 13:24:56,804 p=16670 u=student n=ansible | changed: [master-03]
2020-10-12 13:24:57,675 p=16670 u=student n=ansible | TASK [command] ****************************************************************************
2020-10-12 13:24:57,690 p=16670 u=student n=ansible | changed: [node-02]
2020-10-12 13:24:57,856 p=16670 u=student n=ansible | changed: [node-01]
2020-10-12 13:24:57,874 p=16670 u=student n=ansible | changed: [master-01]
2020-10-12 13:24:58,051 p=16670 u=student n=ansible | changed: [node-03]
2020-10-12 13:24:58,078 p=16670 u=student n=ansible | changed: [bchd]
2020-10-12 13:24:58,461 p=16670 u=student n=ansible | changed: [master-02]
2020-10-12 13:24:58,551 p=16670 u=student n=ansible | changed: [master-03]
2020-10-12 13:24:59,524 p=16670 u=student n=ansible | TASK [command] ****************************************************************************
2020-10-12 13:24:59,540 p=16670 u=student n=ansible | changed: [node-03]
2020-10-12 13:24:59,711 p=16670 u=student n=ansible | changed: [node-01]
2020-10-12 13:24:59,716 p=16670 u=student n=ansible | changed: [master-01]
2020-10-12 13:24:59,719 p=16670 u=student n=ansible | changed: [node-02]
2020-10-12 13:24:59,816 p=16670 u=student n=ansible | changed: [bchd]
2020-10-12 13:25:00,332 p=16670 u=student n=ansible | changed: [master-02]
2020-10-12 13:25:00,354 p=16670 u=student n=ansible | changed: [master-03]
2020-10-12 13:25:01,689 p=16670 u=student n=ansible | TASK [kubeadmteardown : command] **********************************************************
2020-10-12 13:25:01,692 p=16670 u=student n=ansible | fatal: [master-01]: FAILED! => {"changed": false, "cmd": "kubeadm reset --force", "msg": "[Errno 2] No such file or directory: b'kubeadm': b'kubeadm'", "rc": 2}
2020-10-12 13:25:01,694 p=16670 u=student n=ansible | ...ignoring
2020-10-12 13:25:02,365 p=16670 u=student n=ansible | changed: [node-02]
2020-10-12 13:25:02,413 p=16670 u=student n=ansible | changed: [node-03]
2020-10-12 13:25:02,914 p=16670 u=student n=ansible | changed: [node-01]
2020-10-12 13:25:07,800 p=16670 u=student n=ansible | changed: [bchd]
2020-10-12 13:25:08,331 p=16670 u=student n=ansible | changed: [master-02]
2020-10-12 13:25:09,053 p=16670 u=student n=ansible | changed: [master-03]
2020-10-12 13:25:09,831 p=16670 u=student n=ansible | TASK [kubeadmteardown : command] **********************************************************
2020-10-12 13:25:09,837 p=16670 u=student n=ansible | [WARNING]: Consider using the file module with state=absent rather than running 'rm'.  If
you need to use command because file is insufficient you can add 'warn: false' to this
command task or set 'command_warnings=False' in ansible.cfg to get rid of this message.

2020-10-12 13:25:09,842 p=16670 u=student n=ansible | changed: [node-01]
2020-10-12 13:25:09,898 p=16670 u=student n=ansible | changed: [node-02]
2020-10-12 13:25:09,909 p=16670 u=student n=ansible | changed: [node-03]
2020-10-12 13:25:09,987 p=16670 u=student n=ansible | changed: [master-01]
2020-10-12 13:25:10,038 p=16670 u=student n=ansible | changed: [bchd]
2020-10-12 13:25:10,446 p=16670 u=student n=ansible | changed: [master-02]
2020-10-12 13:25:10,505 p=16670 u=student n=ansible | changed: [master-03]
2020-10-12 13:25:12,276 p=16670 u=student n=ansible | TASK [kubeadm1.18 : template] *************************************************************
2020-10-12 13:25:12,277 p=16670 u=student n=ansible | ok: [master-02]
2020-10-12 13:25:31,097 p=16670 u=student n=ansible | TASK [kubeadm1.18 : install k8s pre-reqs] *************************************************
2020-10-12 13:25:31,098 p=16670 u=student n=ansible | changed: [master-02]
2020-10-12 13:26:01,964 p=16670 u=student n=ansible | TASK [kubeadm1.18 : Kubeadm init] *********************************************************
2020-10-12 13:26:01,965 p=16670 u=student n=ansible | changed: [master-02]
2020-10-12 13:26:02,837 p=16670 u=student n=ansible | TASK [kubeadm1.18 : setup kubectl config] *************************************************
2020-10-12 13:26:02,840 p=16670 u=student n=ansible | [WARNING]: Consider using the file module with state=directory rather than running
'mkdir'.  If you need to use command because file is insufficient you can add 'warn:
false' to this command task or set 'command_warnings=False' in ansible.cfg to get rid of
this message.

2020-10-12 13:26:02,841 p=16670 u=student n=ansible | changed: [master-02]
2020-10-12 13:26:03,629 p=16670 u=student n=ansible | TASK [kubeadm1.18 : setup kubectl config] *************************************************
2020-10-12 13:26:03,633 p=16670 u=student n=ansible | changed: [master-02]
2020-10-12 13:26:04,498 p=16670 u=student n=ansible | TASK [kubeadm1.18 : setup kubectl config] *************************************************
2020-10-12 13:26:04,499 p=16670 u=student n=ansible | changed: [master-02]
2020-10-12 13:26:07,761 p=16670 u=student n=ansible | TASK [kubeadm1.18 : Starting CNI (Calico)] ************************************************
2020-10-12 13:26:07,762 p=16670 u=student n=ansible | changed: [master-02]
2020-10-12 13:26:08,997 p=16670 u=student n=ansible | TASK [kubeadm1.19 : template] *************************************************************
2020-10-12 13:26:08,999 p=16670 u=student n=ansible | ok: [master-03]
2020-10-12 13:26:31,722 p=16670 u=student n=ansible | TASK [kubeadm1.19 : install k8s pre-reqs] *************************************************
2020-10-12 13:26:31,723 p=16670 u=student n=ansible | changed: [master-03]
2020-10-12 13:27:02,694 p=16670 u=student n=ansible | TASK [kubeadm1.19 : Kubeadm init] *********************************************************
2020-10-12 13:27:02,696 p=16670 u=student n=ansible | changed: [master-03]
2020-10-12 13:27:03,471 p=16670 u=student n=ansible | TASK [kubeadm1.19 : setup kubectl config] *************************************************
2020-10-12 13:27:03,475 p=16670 u=student n=ansible | changed: [master-03]
2020-10-12 13:27:04,368 p=16670 u=student n=ansible | TASK [kubeadm1.19 : setup kubectl config] *************************************************
2020-10-12 13:27:04,372 p=16670 u=student n=ansible | changed: [master-03]
2020-10-12 13:27:05,242 p=16670 u=student n=ansible | TASK [kubeadm1.19 : setup kubectl config] *************************************************
2020-10-12 13:27:05,243 p=16670 u=student n=ansible | changed: [master-03]
2020-10-12 13:27:08,599 p=16670 u=student n=ansible | TASK [kubeadm1.19 : Starting CNI (Calico)] ************************************************
2020-10-12 13:27:08,600 p=16670 u=student n=ansible | changed: [master-03]
2020-10-12 13:27:11,033 p=16670 u=student n=ansible | TASK [kubeadm1.19withNodes : template] ****************************************************
2020-10-12 13:27:11,034 p=16670 u=student n=ansible | ok: [bchd]
2020-10-12 13:27:11,209 p=16670 u=student n=ansible | ok: [node-02]
2020-10-12 13:27:11,219 p=16670 u=student n=ansible | ok: [node-03]
2020-10-12 13:27:11,942 p=16670 u=student n=ansible | ok: [node-01]
2020-10-12 13:27:38,672 p=16670 u=student n=ansible | TASK [kubeadm1.19withNodes : install k8s pre-reqs] ****************************************
2020-10-12 13:27:38,679 p=16670 u=student n=ansible | changed: [bchd]
2020-10-12 13:27:41,292 p=16670 u=student n=ansible | changed: [node-03]
2020-10-12 13:27:44,533 p=16670 u=student n=ansible | changed: [node-02]
2020-10-12 13:27:54,487 p=16670 u=student n=ansible | changed: [node-01]
2020-10-12 13:28:26,964 p=16670 u=student n=ansible | TASK [kubeadm1.19withNodes : Kubeadm init] ************************************************
2020-10-12 13:28:26,998 p=16670 u=student n=ansible | changed: [bchd]
2020-10-12 13:28:28,226 p=16670 u=student n=ansible | TASK [kubeadm1.19withNodes : setup kubectl config] ****************************************
2020-10-12 13:28:28,228 p=16670 u=student n=ansible | changed: [bchd]
2020-10-12 13:28:29,638 p=16670 u=student n=ansible | TASK [kubeadm1.19withNodes : setup kubectl config] ****************************************
2020-10-12 13:28:29,640 p=16670 u=student n=ansible | changed: [bchd]
2020-10-12 13:28:30,623 p=16670 u=student n=ansible | TASK [kubeadm1.19withNodes : setup kubectl config] ****************************************
2020-10-12 13:28:30,633 p=16670 u=student n=ansible | changed: [bchd]
2020-10-12 13:28:33,847 p=16670 u=student n=ansible | TASK [kubeadm1.19withNodes : Starting CNI (Calico)] ***************************************
2020-10-12 13:28:33,854 p=16670 u=student n=ansible | changed: [bchd]
2020-10-12 13:28:37,601 p=16670 u=student n=ansible | TASK [kubeadm1.19withNodes : Get join command] ********************************************
2020-10-12 13:28:37,601 p=16670 u=student n=ansible | changed: [bchd]
2020-10-12 13:28:37,787 p=16670 u=student n=ansible | TASK [kubeadm1.19withNodes : print join] **************************************************
2020-10-12 13:28:37,792 p=16670 u=student n=ansible | ok: [bchd] => {
    "kjoin.stdout": "kubeadm join 10.17.94.189:6443 --token zdel2f.frksjypml9to5gkw     --discovery-token-ca-cert-hash sha256:d77489c4f7d6fbcdff8bad28e225b34a9635ea12e7c40574bd0d7fa776db53a6 "
}
2020-10-12 13:28:38,803 p=16670 u=student n=ansible | TASK [kubeadm1.19withNodes : set_fact] ****************************************************
2020-10-12 13:28:38,804 p=16670 u=student n=ansible | ok: [bchd]
2020-10-12 13:28:38,885 p=16670 u=student n=ansible | ok: [node-01]
2020-10-12 13:28:38,980 p=16670 u=student n=ansible | ok: [node-02]
2020-10-12 13:28:39,050 p=16670 u=student n=ansible | ok: [node-03]
2020-10-12 13:28:39,264 p=16670 u=student n=ansible | TASK [kubeadm1.19withNodes : print join again] ********************************************
2020-10-12 13:28:39,274 p=16670 u=student n=ansible | ok: [bchd] => {
    "join_command": "kubeadm join 10.17.94.189:6443 --token zdel2f.frksjypml9to5gkw     --discovery-token-ca-cert-hash sha256:d77489c4f7d6fbcdff8bad28e225b34a9635ea12e7c40574bd0d7fa776db53a6 "
}
2020-10-12 13:28:53,232 p=16670 u=student n=ansible | TASK [kubeadm1.19withNodes : join nodes] **************************************************
2020-10-12 13:28:53,236 p=16670 u=student n=ansible | changed: [node-02]
2020-10-12 13:28:55,739 p=16670 u=student n=ansible | changed: [node-01]
2020-10-12 13:28:58,995 p=16670 u=student n=ansible | changed: [node-03]
2020-10-12 13:29:01,356 p=16670 u=student n=ansible | TASK [kubeadm1.19withNodes : Get Metrics Server] ******************************************
2020-10-12 13:29:01,358 p=16670 u=student n=ansible | [WARNING]: Consider using the get_url or uri module rather than running 'wget'.  If you
need to use command because get_url or uri is insufficient you can add 'warn: false' to
this command task or set 'command_warnings=False' in ansible.cfg to get rid of this
message.

2020-10-12 13:29:01,358 p=16670 u=student n=ansible | changed: [node-03]
2020-10-12 13:29:01,363 p=16670 u=student n=ansible | changed: [node-02]
2020-10-12 13:29:01,403 p=16670 u=student n=ansible | changed: [node-01]
2020-10-12 13:29:01,663 p=16670 u=student n=ansible | changed: [bchd]
2020-10-12 13:29:09,171 p=16670 u=student n=ansible | TASK [kubeadm1.19withNodes : Start Metrics Server] ****************************************
2020-10-12 13:29:09,175 p=16670 u=student n=ansible | changed: [bchd]
2020-10-12 13:29:11,372 p=16670 u=student n=ansible | TASK [kubeadm1.19withNodes : Get other Metrics Server bit] ********************************
2020-10-12 13:29:11,375 p=16670 u=student n=ansible | changed: [node-02]
2020-10-12 13:29:11,756 p=16670 u=student n=ansible | changed: [bchd]
2020-10-12 13:29:11,990 p=16670 u=student n=ansible | changed: [node-03]
2020-10-12 13:29:37,949 p=16670 u=student n=ansible | fatal: [node-01]: FAILED! => {"changed": false, "module_stderr": "Shared connection to node-01 closed.\r\n", "module_stdout": "Killed\r\n", "msg": "MODULE FAILURE\nSee stdout/stderr for the exact error", "rc": 137}
2020-10-12 13:29:41,570 p=16670 u=student n=ansible | TASK [kubeadm1.19withNodes : Start other Metrics Server bit] ******************************
2020-10-12 13:29:41,581 p=16670 u=student n=ansible | changed: [bchd]
2020-10-12 13:29:44,471 p=16670 u=student n=ansible | TASK [kubeadm1.19withNodes : Ingress Controller Setup] ************************************
2020-10-12 13:29:44,475 p=16670 u=student n=ansible | changed: [bchd]
2020-10-12 13:29:46,222 p=16670 u=student n=ansible | TASK [kubeadm1.19withNodes : Baremetal] ***************************************************
2020-10-12 13:29:46,224 p=16670 u=student n=ansible | changed: [bchd]
2020-10-12 13:29:51,197 p=16670 u=student n=ansible | TASK [etcdbackup : install etcd-client] ***************************************************
2020-10-12 13:29:51,198 p=16670 u=student n=ansible | ok: [master-03]
2020-10-12 13:29:52,142 p=16670 u=student n=ansible | TASK [etcdbackup : mkdir] *****************************************************************
2020-10-12 13:29:52,143 p=16670 u=student n=ansible | changed: [master-03]
2020-10-12 13:29:53,407 p=16670 u=student n=ansible | TASK [etcdbackup : create a pod] **********************************************************
2020-10-12 13:29:53,408 p=16670 u=student n=ansible | changed: [master-03]
2020-10-12 13:29:54,527 p=16670 u=student n=ansible | TASK [etcdbackup : shell] *****************************************************************
2020-10-12 13:29:54,529 p=16670 u=student n=ansible | changed: [master-03]
2020-10-12 13:29:55,700 p=16670 u=student n=ansible | TASK [etcdbackup : delete the isitback pod] ***********************************************
2020-10-12 13:29:55,702 p=16670 u=student n=ansible | changed: [master-03]
2020-10-12 13:29:56,706 p=16670 u=student n=ansible | TASK [cputopper : command] ****************************************************************
2020-10-12 13:29:56,715 p=16670 u=student n=ansible | changed: [bchd]
2020-10-12 13:29:59,528 p=16670 u=student n=ansible | TASK [cputopper : command] ****************************************************************
2020-10-12 13:29:59,529 p=16670 u=student n=ansible | changed: [bchd]
2020-10-12 13:30:01,198 p=16670 u=student n=ansible | TASK [cputopper : command] ****************************************************************
2020-10-12 13:30:01,198 p=16670 u=student n=ansible | changed: [bchd]
2020-10-12 13:30:07,177 p=16670 u=student n=ansible | TASK [cputopper : command] ****************************************************************
2020-10-12 13:30:07,178 p=16670 u=student n=ansible | changed: [bchd]
2020-10-12 13:30:10,563 p=16670 u=student n=ansible | TASK [dragon : command] *******************************************************************
2020-10-12 13:30:10,564 p=16670 u=student n=ansible | changed: [bchd]
2020-10-12 13:30:11,862 p=16670 u=student n=ansible | TASK [labeler : command] ******************************************************************
2020-10-12 13:30:11,863 p=16670 u=student n=ansible | changed: [bchd]
2020-10-12 13:31:09,112 p=16670 u=student n=ansible | TASK [imagepuller : command] **************************************************************
2020-10-12 13:31:09,113 p=16670 u=student n=ansible | changed: [bchd]
2020-10-12 13:31:19,297 p=16670 u=student n=ansible | TASK [imagepuller : command] **************************************************************
2020-10-12 13:31:19,299 p=16670 u=student n=ansible | changed: [bchd]
2020-10-12 13:31:20,562 p=16670 u=student n=ansible | TASK [imagepuller : command] **************************************************************
2020-10-12 13:31:20,569 p=16670 u=student n=ansible | changed: [bchd]
2020-10-12 13:33:00,388 p=16670 u=student n=ansible | TASK [imagepuller : command] **************************************************************
2020-10-12 13:33:00,389 p=16670 u=student n=ansible | changed: [bchd]
2020-10-12 13:33:01,996 p=16670 u=student n=ansible | TASK [aloha : command] ********************************************************************
2020-10-12 13:33:01,997 p=16670 u=student n=ansible | changed: [bchd]
2020-10-12 13:33:03,844 p=16670 u=student n=ansible | TASK [pvmaker : Create the ReadWriteOnce PV] **********************************************
2020-10-12 13:33:03,848 p=16670 u=student n=ansible | changed: [bchd]
2020-10-12 13:33:07,330 p=16670 u=student n=ansible | TASK [deppy : command] ********************************************************************
2020-10-12 13:33:07,332 p=16670 u=student n=ansible | changed: [bchd]
2020-10-12 13:33:09,254 p=16670 u=student n=ansible | TASK [filenotfound : command] *************************************************************
2020-10-12 13:33:09,256 p=16670 u=student n=ansible | changed: [bchd]
2020-10-12 13:33:10,779 p=16670 u=student n=ansible | TASK [loggy : Start up the logger pod] ****************************************************
2020-10-12 13:33:10,782 p=16670 u=student n=ansible | changed: [bchd]
2020-10-12 13:33:15,064 p=16670 u=student n=ansible | TASK [stopkubelet : stop kubelet] *********************************************************
2020-10-12 13:33:15,065 p=16670 u=student n=ansible | changed: [node-02]
2020-10-12 13:33:15,116 p=16670 u=student n=ansible | PLAY RECAP ********************************************************************************
2020-10-12 13:33:15,117 p=16670 u=student n=ansible | bchd                       : ok=38   changed=33   unreachable=0    failed=0    skipped=21   rescued=0    ignored=0   
2020-10-12 13:33:15,117 p=16670 u=student n=ansible | master-01                  : ok=6    changed=4    unreachable=0    failed=0    skipped=53   rescued=0    ignored=1   
2020-10-12 13:33:15,118 p=16670 u=student n=ansible | master-02                  : ok=13   changed=11   unreachable=0    failed=0    skipped=46   rescued=0    ignored=0   
2020-10-12 13:33:15,119 p=16670 u=student n=ansible | master-03                  : ok=18   changed=15   unreachable=0    failed=0    skipped=41   rescued=0    ignored=0   
2020-10-12 13:33:15,119 p=16670 u=student n=ansible | node-01                    : ok=11   changed=8    unreachable=0    failed=1    skipped=23   rescued=0    ignored=0   
2020-10-12 13:33:15,120 p=16670 u=student n=ansible | node-02                    : ok=13   changed=10   unreachable=0    failed=0    skipped=46   rescued=0    ignored=0   
2020-10-12 13:33:15,121 p=16670 u=student n=ansible | node-03                    : ok=12   changed=9    unreachable=0    failed=0    skipped=47   rescued=0    ignored=0   
2020-10-12 16:48:36,265 p=11368 u=student n=ansible | PLAY [CKA Setup] **************************************************************************
2020-10-12 16:48:39,526 p=11368 u=student n=ansible | TASK [Gathering Facts] ********************************************************************
2020-10-12 16:48:39,534 p=11368 u=student n=ansible | ok: [master-01]
2020-10-12 16:48:39,989 p=11368 u=student n=ansible | ok: [node-01]
2020-10-12 16:48:39,998 p=11368 u=student n=ansible | ok: [node-02]
2020-10-12 16:48:40,265 p=11368 u=student n=ansible | ok: [bchd]
2020-10-12 16:48:41,389 p=11368 u=student n=ansible | ok: [node-03]
2020-10-12 16:48:42,339 p=11368 u=student n=ansible | ok: [master-02]
2020-10-12 16:48:42,658 p=11368 u=student n=ansible | ok: [master-03]
2020-10-12 16:48:43,817 p=11368 u=student n=ansible | TASK [command] ****************************************************************************
2020-10-12 16:48:43,821 p=11368 u=student n=ansible | [WARNING]: Consider using 'become', 'become_method', and 'become_user' rather than running
sudo

2020-10-12 16:48:43,822 p=11368 u=student n=ansible | changed: [node-01]
2020-10-12 16:48:43,869 p=11368 u=student n=ansible | changed: [master-01]
2020-10-12 16:48:44,056 p=11368 u=student n=ansible | changed: [node-02]
2020-10-12 16:48:44,190 p=11368 u=student n=ansible | changed: [node-03]
2020-10-12 16:48:44,216 p=11368 u=student n=ansible | changed: [bchd]
2020-10-12 16:48:44,825 p=11368 u=student n=ansible | changed: [master-02]
2020-10-12 16:48:44,865 p=11368 u=student n=ansible | changed: [master-03]
2020-10-12 16:48:45,788 p=11368 u=student n=ansible | TASK [command] ****************************************************************************
2020-10-12 16:48:45,793 p=11368 u=student n=ansible | changed: [node-01]
2020-10-12 16:48:45,837 p=11368 u=student n=ansible | changed: [node-02]
2020-10-12 16:48:45,840 p=11368 u=student n=ansible | changed: [master-01]
2020-10-12 16:48:45,843 p=11368 u=student n=ansible | changed: [bchd]
2020-10-12 16:48:46,081 p=11368 u=student n=ansible | changed: [node-03]
2020-10-12 16:48:46,288 p=11368 u=student n=ansible | changed: [master-02]
2020-10-12 16:48:46,325 p=11368 u=student n=ansible | changed: [master-03]
2020-10-12 16:48:47,162 p=11368 u=student n=ansible | TASK [command] ****************************************************************************
2020-10-12 16:48:47,164 p=11368 u=student n=ansible | changed: [bchd]
2020-10-12 16:48:47,213 p=11368 u=student n=ansible | changed: [master-01]
2020-10-12 16:48:47,364 p=11368 u=student n=ansible | changed: [node-02]
2020-10-12 16:48:47,378 p=11368 u=student n=ansible | changed: [node-03]
2020-10-12 16:48:47,423 p=11368 u=student n=ansible | changed: [node-01]
2020-10-12 16:48:47,752 p=11368 u=student n=ansible | changed: [master-03]
2020-10-12 16:48:47,791 p=11368 u=student n=ansible | changed: [master-02]
2020-10-12 16:48:48,615 p=11368 u=student n=ansible | TASK [kubeadmteardown : command] **********************************************************
2020-10-12 16:48:48,616 p=11368 u=student n=ansible | fatal: [master-01]: FAILED! => {"changed": false, "cmd": "kubeadm reset --force", "msg": "[Errno 2] No such file or directory: b'kubeadm': b'kubeadm'", "rc": 2}
2020-10-12 16:48:48,617 p=11368 u=student n=ansible | ...ignoring
2020-10-12 16:48:49,073 p=11368 u=student n=ansible | changed: [node-02]
2020-10-12 16:48:49,075 p=11368 u=student n=ansible | changed: [node-01]
2020-10-12 16:48:49,106 p=11368 u=student n=ansible | changed: [node-03]
2020-10-12 16:48:53,886 p=11368 u=student n=ansible | changed: [bchd]
2020-10-12 16:48:54,453 p=11368 u=student n=ansible | changed: [master-02]
2020-10-12 16:48:54,697 p=11368 u=student n=ansible | changed: [master-03]
2020-10-12 16:48:55,358 p=11368 u=student n=ansible | TASK [kubeadmteardown : command] **********************************************************
2020-10-12 16:48:55,360 p=11368 u=student n=ansible | [WARNING]: Consider using the file module with state=absent rather than running 'rm'.  If
you need to use command because file is insufficient you can add 'warn: false' to this
command task or set 'command_warnings=False' in ansible.cfg to get rid of this message.

2020-10-12 16:48:55,361 p=11368 u=student n=ansible | changed: [node-01]
2020-10-12 16:48:55,417 p=11368 u=student n=ansible | changed: [node-02]
2020-10-12 16:48:55,456 p=11368 u=student n=ansible | changed: [master-01]
2020-10-12 16:48:55,485 p=11368 u=student n=ansible | changed: [bchd]
2020-10-12 16:48:55,540 p=11368 u=student n=ansible | changed: [node-03]
2020-10-12 16:48:55,890 p=11368 u=student n=ansible | changed: [master-02]
2020-10-12 16:48:55,913 p=11368 u=student n=ansible | changed: [master-03]
2020-10-12 16:48:57,481 p=11368 u=student n=ansible | TASK [kubeadm1.18 : template] *************************************************************
2020-10-12 16:48:57,482 p=11368 u=student n=ansible | ok: [master-02]
2020-10-12 16:49:18,222 p=11368 u=student n=ansible | TASK [kubeadm1.18 : install k8s pre-reqs] *************************************************
2020-10-12 16:49:18,225 p=11368 u=student n=ansible | changed: [master-02]
2020-10-12 16:49:46,277 p=11368 u=student n=ansible | TASK [kubeadm1.18 : Kubeadm init] *********************************************************
2020-10-12 16:49:46,277 p=11368 u=student n=ansible | changed: [master-02]
2020-10-12 16:49:47,073 p=11368 u=student n=ansible | TASK [kubeadm1.18 : setup kubectl config] *************************************************
2020-10-12 16:49:47,075 p=11368 u=student n=ansible | [WARNING]: Consider using the file module with state=directory rather than running
'mkdir'.  If you need to use command because file is insufficient you can add 'warn:
false' to this command task or set 'command_warnings=False' in ansible.cfg to get rid of
this message.

2020-10-12 16:49:47,075 p=11368 u=student n=ansible | changed: [master-02]
2020-10-12 16:49:47,772 p=11368 u=student n=ansible | TASK [kubeadm1.18 : setup kubectl config] *************************************************
2020-10-12 16:49:47,773 p=11368 u=student n=ansible | changed: [master-02]
2020-10-12 16:49:48,489 p=11368 u=student n=ansible | TASK [kubeadm1.18 : setup kubectl config] *************************************************
2020-10-12 16:49:48,490 p=11368 u=student n=ansible | changed: [master-02]
2020-10-12 16:49:50,426 p=11368 u=student n=ansible | TASK [kubeadm1.18 : Starting CNI (Calico)] ************************************************
2020-10-12 16:49:50,428 p=11368 u=student n=ansible | changed: [master-02]
2020-10-12 16:49:51,516 p=11368 u=student n=ansible | TASK [kubeadm1.19 : template] *************************************************************
2020-10-12 16:49:51,517 p=11368 u=student n=ansible | ok: [master-03]
2020-10-12 16:50:11,441 p=11368 u=student n=ansible | TASK [kubeadm1.19 : install k8s pre-reqs] *************************************************
2020-10-12 16:50:11,442 p=11368 u=student n=ansible | changed: [master-03]
2020-10-12 16:50:42,374 p=11368 u=student n=ansible | TASK [kubeadm1.19 : Kubeadm init] *********************************************************
2020-10-12 16:50:42,376 p=11368 u=student n=ansible | changed: [master-03]
2020-10-12 16:50:43,143 p=11368 u=student n=ansible | TASK [kubeadm1.19 : setup kubectl config] *************************************************
2020-10-12 16:50:43,146 p=11368 u=student n=ansible | changed: [master-03]
2020-10-12 16:50:43,922 p=11368 u=student n=ansible | TASK [kubeadm1.19 : setup kubectl config] *************************************************
2020-10-12 16:50:43,925 p=11368 u=student n=ansible | changed: [master-03]
2020-10-12 16:50:44,686 p=11368 u=student n=ansible | TASK [kubeadm1.19 : setup kubectl config] *************************************************
2020-10-12 16:50:44,687 p=11368 u=student n=ansible | changed: [master-03]
2020-10-12 16:50:46,934 p=11368 u=student n=ansible | TASK [kubeadm1.19 : Starting CNI (Calico)] ************************************************
2020-10-12 16:50:46,935 p=11368 u=student n=ansible | changed: [master-03]
2020-10-12 16:50:49,293 p=11368 u=student n=ansible | TASK [kubeadm1.19withNodes : template] ****************************************************
2020-10-12 16:50:49,294 p=11368 u=student n=ansible | ok: [bchd]
2020-10-12 16:50:49,359 p=11368 u=student n=ansible | ok: [node-01]
2020-10-12 16:50:49,680 p=11368 u=student n=ansible | ok: [node-02]
2020-10-12 16:50:50,201 p=11368 u=student n=ansible | ok: [node-03]
2020-10-12 16:51:14,733 p=11368 u=student n=ansible | TASK [kubeadm1.19withNodes : install k8s pre-reqs] ****************************************
2020-10-12 16:51:14,734 p=11368 u=student n=ansible | changed: [bchd]
2020-10-12 16:51:21,719 p=11368 u=student n=ansible | changed: [node-01]
2020-10-12 16:51:21,944 p=11368 u=student n=ansible | changed: [node-03]
2020-10-12 16:51:24,785 p=11368 u=student n=ansible | changed: [node-02]
2020-10-12 16:51:53,692 p=11368 u=student n=ansible | TASK [kubeadm1.19withNodes : Kubeadm init] ************************************************
2020-10-12 16:51:53,693 p=11368 u=student n=ansible | changed: [bchd]
2020-10-12 16:51:54,773 p=11368 u=student n=ansible | TASK [kubeadm1.19withNodes : setup kubectl config] ****************************************
2020-10-12 16:51:54,782 p=11368 u=student n=ansible | changed: [bchd]
2020-10-12 16:51:55,602 p=11368 u=student n=ansible | TASK [kubeadm1.19withNodes : setup kubectl config] ****************************************
2020-10-12 16:51:55,604 p=11368 u=student n=ansible | changed: [bchd]
2020-10-12 16:51:56,613 p=11368 u=student n=ansible | TASK [kubeadm1.19withNodes : setup kubectl config] ****************************************
2020-10-12 16:51:56,615 p=11368 u=student n=ansible | changed: [bchd]
2020-10-12 16:51:59,201 p=11368 u=student n=ansible | TASK [kubeadm1.19withNodes : Starting CNI (Calico)] ***************************************
2020-10-12 16:51:59,211 p=11368 u=student n=ansible | changed: [bchd]
2020-10-12 16:52:02,274 p=11368 u=student n=ansible | TASK [kubeadm1.19withNodes : Get join command] ********************************************
2020-10-12 16:52:02,276 p=11368 u=student n=ansible | changed: [bchd]
2020-10-12 16:52:02,462 p=11368 u=student n=ansible | TASK [kubeadm1.19withNodes : print join] **************************************************
2020-10-12 16:52:02,466 p=11368 u=student n=ansible | ok: [bchd] => {
    "kjoin.stdout": "kubeadm join 10.17.94.189:6443 --token fpuw40.rqcetvkciq99p1dh     --discovery-token-ca-cert-hash sha256:be650f69b03379946b5e3e4151fea530c5b1dff2cc4653a5961f5dd645ef45e7 "
}
2020-10-12 16:52:02,924 p=11368 u=student n=ansible | TASK [kubeadm1.19withNodes : set_fact] ****************************************************
2020-10-12 16:52:02,927 p=11368 u=student n=ansible | ok: [bchd]
2020-10-12 16:52:03,066 p=11368 u=student n=ansible | ok: [node-01]
2020-10-12 16:52:03,158 p=11368 u=student n=ansible | ok: [node-02]
2020-10-12 16:52:03,182 p=11368 u=student n=ansible | ok: [node-03]
2020-10-12 16:52:03,494 p=11368 u=student n=ansible | TASK [kubeadm1.19withNodes : print join again] ********************************************
2020-10-12 16:52:03,501 p=11368 u=student n=ansible | ok: [bchd] => {
    "join_command": "kubeadm join 10.17.94.189:6443 --token fpuw40.rqcetvkciq99p1dh     --discovery-token-ca-cert-hash sha256:be650f69b03379946b5e3e4151fea530c5b1dff2cc4653a5961f5dd645ef45e7 "
}
2020-10-12 16:52:21,381 p=11368 u=student n=ansible | TASK [kubeadm1.19withNodes : join nodes] **************************************************
2020-10-12 16:52:21,383 p=11368 u=student n=ansible | changed: [node-01]
2020-10-12 16:52:22,533 p=11368 u=student n=ansible | changed: [node-03]
2020-10-12 16:52:22,876 p=11368 u=student n=ansible | changed: [node-02]
2020-10-12 16:52:25,043 p=11368 u=student n=ansible | TASK [kubeadm1.19withNodes : Get Metrics Server] ******************************************
2020-10-12 16:52:25,049 p=11368 u=student n=ansible | [WARNING]: Consider using the get_url or uri module rather than running 'wget'.  If you
need to use command because get_url or uri is insufficient you can add 'warn: false' to
this command task or set 'command_warnings=False' in ansible.cfg to get rid of this
message.

2020-10-12 16:52:25,055 p=11368 u=student n=ansible | changed: [node-01]
2020-10-12 16:52:25,576 p=11368 u=student n=ansible | changed: [node-02]
2020-10-12 16:52:25,800 p=11368 u=student n=ansible | changed: [bchd]
2020-10-12 16:52:25,915 p=11368 u=student n=ansible | changed: [node-03]
2020-10-12 16:52:29,025 p=11368 u=student n=ansible | TASK [kubeadm1.19withNodes : Start Metrics Server] ****************************************
2020-10-12 16:52:29,025 p=11368 u=student n=ansible | changed: [bchd]
2020-10-12 16:52:31,209 p=11368 u=student n=ansible | TASK [kubeadm1.19withNodes : Get other Metrics Server bit] ********************************
2020-10-12 16:52:31,227 p=11368 u=student n=ansible | changed: [node-01]
2020-10-12 16:52:31,244 p=11368 u=student n=ansible | changed: [node-02]
2020-10-12 16:52:31,686 p=11368 u=student n=ansible | changed: [node-03]
2020-10-12 16:52:31,780 p=11368 u=student n=ansible | changed: [bchd]
2020-10-12 16:52:33,660 p=11368 u=student n=ansible | TASK [kubeadm1.19withNodes : Start other Metrics Server bit] ******************************
2020-10-12 16:52:33,662 p=11368 u=student n=ansible | changed: [bchd]
2020-10-12 16:52:35,803 p=11368 u=student n=ansible | TASK [kubeadm1.19withNodes : Ingress Controller Setup] ************************************
2020-10-12 16:52:35,806 p=11368 u=student n=ansible | changed: [bchd]
2020-10-12 16:52:37,578 p=11368 u=student n=ansible | TASK [kubeadm1.19withNodes : Baremetal] ***************************************************
2020-10-12 16:52:37,578 p=11368 u=student n=ansible | changed: [bchd]
2020-10-12 16:52:41,840 p=11368 u=student n=ansible | TASK [etcdbackup : install etcd-client] ***************************************************
2020-10-12 16:52:41,842 p=11368 u=student n=ansible | ok: [master-03]
2020-10-12 16:52:42,818 p=11368 u=student n=ansible | TASK [etcdbackup : mkdir] *****************************************************************
2020-10-12 16:52:42,820 p=11368 u=student n=ansible | changed: [master-03]
2020-10-12 16:52:43,914 p=11368 u=student n=ansible | TASK [etcdbackup : create a pod] **********************************************************
2020-10-12 16:52:43,916 p=11368 u=student n=ansible | changed: [master-03]
2020-10-12 16:52:44,956 p=11368 u=student n=ansible | TASK [etcdbackup : shell] *****************************************************************
2020-10-12 16:52:44,957 p=11368 u=student n=ansible | changed: [master-03]
2020-10-12 16:52:45,902 p=11368 u=student n=ansible | TASK [etcdbackup : delete the isitback pod] ***********************************************
2020-10-12 16:52:45,903 p=11368 u=student n=ansible | changed: [master-03]
2020-10-12 16:52:46,732 p=11368 u=student n=ansible | TASK [cputopper : command] ****************************************************************
2020-10-12 16:52:46,733 p=11368 u=student n=ansible | changed: [bchd]
2020-10-12 16:52:47,909 p=11368 u=student n=ansible | TASK [cputopper : command] ****************************************************************
2020-10-12 16:52:47,913 p=11368 u=student n=ansible | changed: [bchd]
2020-10-12 16:52:51,145 p=11368 u=student n=ansible | TASK [cputopper : command] ****************************************************************
2020-10-12 16:52:51,148 p=11368 u=student n=ansible | changed: [bchd]
2020-10-12 16:52:52,594 p=11368 u=student n=ansible | TASK [cputopper : command] ****************************************************************
2020-10-12 16:52:52,596 p=11368 u=student n=ansible | changed: [bchd]
2020-10-12 16:52:54,248 p=11368 u=student n=ansible | TASK [dragon : command] *******************************************************************
2020-10-12 16:52:54,250 p=11368 u=student n=ansible | changed: [bchd]
2020-10-12 16:52:55,351 p=11368 u=student n=ansible | TASK [labeler : command] ******************************************************************
2020-10-12 16:52:55,353 p=11368 u=student n=ansible | changed: [bchd]
2020-10-12 16:53:44,973 p=11368 u=student n=ansible | TASK [imagepuller : command] **************************************************************
2020-10-12 16:53:44,975 p=11368 u=student n=ansible | changed: [bchd]
2020-10-12 16:53:53,038 p=11368 u=student n=ansible | TASK [imagepuller : command] **************************************************************
2020-10-12 16:53:53,040 p=11368 u=student n=ansible | changed: [bchd]
2020-10-12 16:53:53,963 p=11368 u=student n=ansible | TASK [imagepuller : command] **************************************************************
2020-10-12 16:53:53,965 p=11368 u=student n=ansible | changed: [bchd]
2020-10-12 16:53:55,282 p=11368 u=student n=ansible | TASK [imagepuller : command] **************************************************************
2020-10-12 16:53:55,285 p=11368 u=student n=ansible | changed: [bchd]
2020-10-12 16:53:57,041 p=11368 u=student n=ansible | TASK [aloha : command] ********************************************************************
2020-10-12 16:53:57,049 p=11368 u=student n=ansible | changed: [bchd]
2020-10-12 16:53:58,253 p=11368 u=student n=ansible | TASK [pvmaker : Create the ReadWriteOnce PV] **********************************************
2020-10-12 16:53:58,255 p=11368 u=student n=ansible | changed: [bchd]
2020-10-12 16:53:59,604 p=11368 u=student n=ansible | TASK [deppy : command] ********************************************************************
2020-10-12 16:53:59,604 p=11368 u=student n=ansible | changed: [bchd]
2020-10-12 16:54:01,134 p=11368 u=student n=ansible | TASK [filenotfound : command] *************************************************************
2020-10-12 16:54:01,135 p=11368 u=student n=ansible | changed: [bchd]
2020-10-12 16:54:02,647 p=11368 u=student n=ansible | TASK [loggy : Start up the logger pod] ****************************************************
2020-10-12 16:54:02,648 p=11368 u=student n=ansible | changed: [bchd]
2020-10-12 16:54:05,948 p=11368 u=student n=ansible | TASK [stopkubelet : stop kubelet] *********************************************************
2020-10-12 16:54:05,948 p=11368 u=student n=ansible | changed: [node-02]
2020-10-12 16:54:06,003 p=11368 u=student n=ansible | PLAY RECAP ********************************************************************************
2020-10-12 16:54:06,003 p=11368 u=student n=ansible | bchd                       : ok=38   changed=33   unreachable=0    failed=0    skipped=21   rescued=0    ignored=0   
2020-10-12 16:54:06,004 p=11368 u=student n=ansible | master-01                  : ok=6    changed=4    unreachable=0    failed=0    skipped=53   rescued=0    ignored=1   
2020-10-12 16:54:06,004 p=11368 u=student n=ansible | master-02                  : ok=13   changed=11   unreachable=0    failed=0    skipped=46   rescued=0    ignored=0   
2020-10-12 16:54:06,004 p=11368 u=student n=ansible | master-03                  : ok=18   changed=15   unreachable=0    failed=0    skipped=41   rescued=0    ignored=0   
2020-10-12 16:54:06,005 p=11368 u=student n=ansible | node-01                    : ok=12   changed=9    unreachable=0    failed=0    skipped=47   rescued=0    ignored=0   
2020-10-12 16:54:06,005 p=11368 u=student n=ansible | node-02                    : ok=13   changed=10   unreachable=0    failed=0    skipped=46   rescued=0    ignored=0   
2020-10-12 16:54:06,006 p=11368 u=student n=ansible | node-03                    : ok=12   changed=9    unreachable=0    failed=0    skipped=47   rescued=0    ignored=0   
